0 info it worked if it ends with ok
1 verbose cli [ '/usr/bin/node', '/usr/bin/npm', 'install' ]
2 info using npm@2.4.1
3 info using node@v0.10.36
4 warn package.json roots@7.0.1 No description
5 warn package.json roots@7.0.1 No README data
6 verbose install where, deps [ '/home/will/Dropbox/projects/cbtb/content/themes/cbtb',
6 verbose install   [ 'bower',
6 verbose install     'grunt',
6 verbose install     'grunt-autoprefixer',
6 verbose install     'grunt-contrib-concat',
6 verbose install     'grunt-contrib-jshint',
6 verbose install     'grunt-contrib-sass',
6 verbose install     'grunt-contrib-uglify',
6 verbose install     'grunt-contrib-watch',
6 verbose install     'grunt-modernizr',
6 verbose install     'grunt-wp-assets',
6 verbose install     'load-grunt-tasks',
6 verbose install     'time-grunt' ] ]
7 verbose install where, peers [ '/home/will/Dropbox/projects/cbtb/content/themes/cbtb', [] ]
8 info preinstall roots@7.0.1
9 verbose already installed skipping grunt-contrib-jshint@~0.10.0 /home/will/Dropbox/projects/cbtb/content/themes/cbtb
10 verbose already installed skipping grunt-contrib-sass@~0.7.3 /home/will/Dropbox/projects/cbtb/content/themes/cbtb
11 verbose already installed skipping grunt-contrib-uglify@~0.5.0 /home/will/Dropbox/projects/cbtb/content/themes/cbtb
12 verbose already installed skipping grunt-contrib-watch@~0.6.1 /home/will/Dropbox/projects/cbtb/content/themes/cbtb
13 verbose already installed skipping grunt-modernizr@~0.5.2 /home/will/Dropbox/projects/cbtb/content/themes/cbtb
14 verbose already installed skipping grunt-wp-assets@~0.2.6 /home/will/Dropbox/projects/cbtb/content/themes/cbtb
15 verbose already installed skipping load-grunt-tasks@~0.6.0 /home/will/Dropbox/projects/cbtb/content/themes/cbtb
16 verbose already installed skipping time-grunt@~0.4.0 /home/will/Dropbox/projects/cbtb/content/themes/cbtb
17 verbose already installed skipping bower@>=1.3.9 /home/will/Dropbox/projects/cbtb/content/themes/cbtb
18 verbose already installed skipping grunt@~0.4.5 /home/will/Dropbox/projects/cbtb/content/themes/cbtb
19 verbose already installed skipping grunt-autoprefixer@~1.0.0 /home/will/Dropbox/projects/cbtb/content/themes/cbtb
20 verbose already installed skipping grunt-contrib-concat@~0.5.0 /home/will/Dropbox/projects/cbtb/content/themes/cbtb
21 silly install resolved []
22 info build /home/will/Dropbox/projects/cbtb/content/themes/cbtb
23 verbose linkStuff [ false,
23 verbose linkStuff   false,
23 verbose linkStuff   false,
23 verbose linkStuff   '/home/will/Dropbox/projects/cbtb/content/themes' ]
24 info linkStuff roots@7.0.1
25 verbose linkBins roots@7.0.1
26 verbose linkMans roots@7.0.1
27 verbose rebuildBundles roots@7.0.1
28 verbose rebuildBundles [ '.bin',
28 verbose rebuildBundles   'bower',
28 verbose rebuildBundles   'grunt',
28 verbose rebuildBundles   'grunt-autoprefixer',
28 verbose rebuildBundles   'grunt-contrib-concat',
28 verbose rebuildBundles   'grunt-contrib-jshint',
28 verbose rebuildBundles   'grunt-contrib-sass',
28 verbose rebuildBundles   'grunt-contrib-uglify',
28 verbose rebuildBundles   'grunt-contrib-watch',
28 verbose rebuildBundles   'grunt-modernizr',
28 verbose rebuildBundles   'grunt-wp-assets',
28 verbose rebuildBundles   'load-grunt-tasks',
28 verbose rebuildBundles   'time-grunt' ]
29 info install roots@7.0.1
30 info postinstall roots@7.0.1
31 verbose unsafe-perm in lifecycle true
32 info roots@7.0.1 Failed to exec postinstall script
33 verbose stack Error: roots@7.0.1 postinstall: `node node_modules/bower/bin/bower install && grunt dev`
33 verbose stack Exit status 6
33 verbose stack     at EventEmitter.<anonymous> (/usr/lib/node_modules/npm/lib/utils/lifecycle.js:213:16)
33 verbose stack     at EventEmitter.emit (events.js:98:17)
33 verbose stack     at ChildProcess.<anonymous> (/usr/lib/node_modules/npm/lib/utils/spawn.js:14:12)
33 verbose stack     at ChildProcess.emit (events.js:98:17)
33 verbose stack     at maybeClose (child_process.js:766:16)
33 verbose stack     at Process.ChildProcess._handle.onexit (child_process.js:833:5)
34 verbose pkgid roots@7.0.1
35 verbose cwd /home/will/Dropbox/projects/cbtb/content/themes/cbtb
36 error Linux 3.17.8-1-MANJARO
37 error argv "/usr/bin/node" "/usr/bin/npm" "install"
38 error node v0.10.36
39 error npm  v2.4.1
40 error code ELIFECYCLE
41 error roots@7.0.1 postinstall: `node node_modules/bower/bin/bower install && grunt dev`
41 error Exit status 6
42 error Failed at the roots@7.0.1 postinstall script 'node node_modules/bower/bin/bower install && grunt dev'.
42 error This is most likely a problem with the roots package,
42 error not with npm itself.
42 error Tell the author that this fails on your system:
42 error     node node_modules/bower/bin/bower install && grunt dev
42 error You can get their info via:
42 error     npm owner ls roots
42 error There is likely additional logging output above.
43 verbose exit [ 1, true ]
